<?xml version="1.0" encoding="UTF-8"?>
<!-- Generated by org.testng.reporters.JUnitReportReporter -->
<testsuite hostname="jorge_alco" failures="0" tests="1" name="com.formy.TC_001_AutoComplete_Formy" time="0.783" errors="0" timestamp="2024-11-15T13:38:02 CST" skipped="0">
  <testcase classname="com.formy.TC_001_AutoComplete_Formy" name="TC_001_AutoComplete_Formy_TestScipt" time="0.783">
    <system-out>
      <![CDATA[Launching...https://formy-project.herokuapp.com/
Validate Auto Complete Header]]>
    </system-out>
  </testcase> <!-- TC_001_AutoComplete_Formy_TestScipt -->
  <system-out>
    <![CDATA[Launching...https://formy-project.herokuapp.com/
Validate Auto Complete Header]]>
  </system-out>
</testsuite> <!-- com.formy.TC_001_AutoComplete_Formy -->
