<?xml version="1.0" encoding="UTF-8"?>
<!-- Generated by org.testng.reporters.JUnitReportReporter -->
<testsuite hostname="jorge_alco" failures="0" tests="1" name="com.formy.TC003_LaunchBrowser" time="5.333" errors="0" timestamp="2024-11-25T12:31:15 CST" skipped="0">
  <testcase classname="com.formy.TC003_LaunchBrowser" name="TC003_LaunchBrowserScript" time="5.333">
    <system-out>
      <![CDATA[Launching...https://www.godaddy.com/es]]>
    </system-out>
  </testcase> <!-- TC003_LaunchBrowserScript -->
  <system-out>
    <![CDATA[Launching...https://www.godaddy.com/es]]>
  </system-out>
</testsuite> <!-- com.formy.TC003_LaunchBrowser -->
