<?xml version="1.0" encoding="UTF-8"?>
<!-- Generated by org.testng.reporters.JUnitReportReporter -->
<testsuite hostname="jorge_alco" failures="0" tests="1" name="com.parabank.TC_002_RegisterUser_POM" time="4.369" errors="0" timestamp="2024-11-15T13:38:27 CST" skipped="0">
  <testcase classname="com.parabank.TC_002_RegisterUser_POM" name="TC_002_RegisterUser_POM_TestScript" time="4.369">
    <system-out>
      <![CDATA[Launching...https://parabank.parasoft.com/parabank/index.htm
Click on Register Link
Validate Register Page is shown
Enter User Name value
Enter Last Name value
Enter Street  Name
Enter City Name
Enter State Name
Enter Zip Code
Enter Phone Number Code
Enter SSN
Enter User Name
Enter Password
Re Enter Password
Click Register Button
Validate Actual Value vs Expected Value
Logout
Close Browser]]>
    </system-out>
  </testcase> <!-- TC_002_RegisterUser_POM_TestScript -->
  <system-out>
    <![CDATA[Launching...https://parabank.parasoft.com/parabank/index.htm
Click on Register Link
Validate Register Page is shown
Enter User Name value
Enter Last Name value
Enter Street  Name
Enter City Name
Enter State Name
Enter Zip Code
Enter Phone Number Code
Enter SSN
Enter User Name
Enter Password
Re Enter Password
Click Register Button
Validate Actual Value vs Expected Value
Logout
Close Browser]]>
  </system-out>
</testsuite> <!-- com.parabank.TC_002_RegisterUser_POM -->
