<?xml version="1.0" encoding="UTF-8"?>
<!-- Generated by org.testng.reporters.JUnitReportReporter -->
<testsuite hostname="jorge_alco" failures="0" tests="1" name="com.amazon.TC_001_Headers" time="4.584" errors="0" timestamp="2024-10-18T01:08:38 CDT" skipped="0">
  <testcase classname="com.amazon.TC_001_Headers" name="TC_001_Headers_Validate" time="4.584">
    <system-out>
      <![CDATA[Open Browser
Click on Register
Validate Register sections is shown
Fill out Register mandatory fields]]>
    </system-out>
  </testcase> <!-- TC_001_Headers_Validate -->
  <system-out>
    <![CDATA[Open Browser
Click on Register
Validate Register sections is shown
Fill out Register mandatory fields]]>
  </system-out>
</testsuite> <!-- com.amazon.TC_001_Headers -->
