<?xml version="1.0" encoding="UTF-8"?>
<!-- Generated by org.testng.reporters.JUnitReportReporter -->
<testsuite hostname="jorge_alco" failures="0" tests="1" name="com.parabank.TC_001_LoginUser_POM" time="5.513" errors="0" timestamp="2024-11-15T01:51:21 CST" skipped="0">
  <testcase classname="com.parabank.TC_001_LoginUser_POM" name="TC_001_LoginUser_POM_TestScript" time="5.513">
    <system-out>
      <![CDATA[Launching...https://parabank.parasoft.com/parabank/index.htm
Login to ParaBank
Validate New User]]>
    </system-out>
  </testcase> <!-- TC_001_LoginUser_POM_TestScript -->
  <system-out>
    <![CDATA[Launching...https://parabank.parasoft.com/parabank/index.htm
Login to ParaBank
Validate New User]]>
  </system-out>
</testsuite> <!-- com.parabank.TC_001_LoginUser_POM -->
