<?xml version="1.0" encoding="UTF-8"?>
<!-- Generated by org.testng.reporters.JUnitReportReporter -->
<testsuite hostname="jorge_alco" failures="0" tests="1" name="com.parabank.TC_002_RegisterUser_POM" time="4.003" errors="0" timestamp="2024-11-07T19:11:29 CST" skipped="0">
  <testcase classname="com.parabank.TC_002_RegisterUser_POM" name="TC_002_RegisterUser_POM_TestScript" time="4.003">
    <system-out>
      <![CDATA[Launching...https://parabank.parasoft.com/parabank/index.htm
Click on Register Link
Validate Register Page is shown
Enter User Name value
Enter Last Name value
Enter Street  Name
Enter City Name
Enter State Name
Enter Zip Code
Enter Phone Number Code
Enter SSN
Enter User Name
Enter Password
Re Enter Password
Click Register Button
Validate Actual Value vs Expected Value
Logout
Close Browser]]>
    </system-out>
  </testcase> <!-- TC_002_RegisterUser_POM_TestScript -->
  <system-out>
    <![CDATA[Open Browser
Launching...https://parabank.parasoft.com/parabank/index.htm
Launching...https://parabank.parasoft.com/parabank/index.htm
Login to ParaBank
Click on Register
Click on Register Link
Validate Register sections is shown
Fill out Register mandatory fields
Validate Register Page is shown
Enter User Name value
Validate New User
Enter Last Name value
Enter Street  Name
Enter City Name
Enter State Name
Enter Zip Code
Enter Phone Number Code
Enter SSN
Enter User Name
Enter Password
Re Enter Password
Click Register Button
Get the user name Label
Divide the user name Label
Validate the entered Username on the Registration Page matches against the shown User name on the Register Page
Log out
Validate Actual Value vs Expected Value
Logout
Close Browser]]>
  </system-out>
</testsuite> <!-- com.parabank.TC_002_RegisterUser_POM -->
