<?xml version="1.0" encoding="UTF-8"?>
<!-- Generated by org.testng.reporters.JUnitReportReporter -->
<testsuite hostname="jorge_alco" failures="0" tests="1" name="com.parabank.TC_003_RegisterUser" time="4.489" errors="0" timestamp="2024-11-07T19:19:36 CST" skipped="0">
  <testcase classname="com.parabank.TC_003_RegisterUser" name="TC_001_Headers_Validate" time="4.489">
    <system-out>
      <![CDATA[Open Browser
Click on Register
Validate Register sections is shown
Fill out Register mandatory fields
Get the user name Label
Divide the user name Label
Validate the entered Username on the Registration Page matches against the shown User name on the Register Page
Log out]]>
    </system-out>
  </testcase> <!-- TC_001_Headers_Validate -->
  <system-out>
    <![CDATA[Open Browser
Click on Register
Validate Register sections is shown
Fill out Register mandatory fields
Get the user name Label
Divide the user name Label
Validate the entered Username on the Registration Page matches against the shown User name on the Register Page
Log out]]>
  </system-out>
</testsuite> <!-- com.parabank.TC_003_RegisterUser -->
